<?xml version="1.0" encoding="UTF-8"?>
<testng-results skipped="0" failed="0" ignored="0" total="1" passed="1">
  <reporter-output>
  </reporter-output>
  <suite name="Suite1" duration-ms="2928" started-at="2018-08-09T06:56:48Z" finished-at="2018-08-09T06:56:51Z">
    <groups>
    </groups>
    <test name="IdeaFirst" duration-ms="2928" started-at="2018-08-09T06:56:48Z" finished-at="2018-08-09T06:56:51Z">
      <class name="test1">
        <test-method status="PASS" signature="LaunchChrome()[pri:0, instance:test1@4411d970]" name="LaunchChrome" duration-ms="2907" started-at="2018-08-09T12:26:48Z" finished-at="2018-08-09T12:26:51Z">
          <reporter-output>
          </reporter-output>
        </test-method> <!-- LaunchChrome -->
      </class> <!-- test1 -->
    </test> <!-- IdeaFirst -->
  </suite> <!-- Suite1 -->
</testng-results>
