<?xml version="1.0" encoding="UTF-8"?>
<testsuite xmlns:xsi="http://www.w3.org/2001/XMLSchema-instance" xsi:noNamespaceSchemaLocation="https://maven.apache.org/surefire/maven-surefire-plugin/xsd/surefire-test-report.xsd" name="TestSuite" time="1.525" tests="1" errors="0" skipped="0" failures="1">
  <properties>
[...]
</properties>
  <testcase name="LaunchChrome" classname="test1" time="0.903">
    <failure message="Could not start a new session. Possible causes are invalid address of the remote server or browser start-up failure.&#10;Build info: version: &apos;3.13.0&apos;, revision: &apos;2f0d292&apos;, time: &apos;2018-06-25T15:24:21.231Z&apos;&#10;System info: host: &apos;463e095e0277&apos;, ip: &apos;172.17.0.2&apos;, os.name: &apos;Linux&apos;, os.arch: &apos;amd64&apos;, os.version: &apos;4.9.93-linuxkit-aufs&apos;, java.version: &apos;1.8.0_171&apos;&#10;Driver info: driver.version: RemoteWebDriver" type="org.openqa.selenium.remote.UnreachableBrowserException">org.openqa.selenium.remote.UnreachableBrowserException: 
Could not start a new session. Possible causes are invalid address of the remote server or browser start-up failure.
Build info: version: '3.13.0', revision: '2f0d292', time: '2018-06-25T15:24:21.231Z'
System info: host: '463e095e0277', ip: '172.17.0.2', os.name: 'Linux', os.arch: 'amd64', os.version: '4.9.93-linuxkit-aufs', java.version: '1.8.0_171'
Driver info: driver.version: RemoteWebDriver
	at test1.LaunchChrome(test1.java:20)
Caused by: java.net.ConnectException: Failed to connect to /192.168.1.10:4444
	at test1.LaunchChrome(test1.java:20)
Caused by: java.net.ConnectException: Connection refused (Connection refused)
	at test1.LaunchChrome(test1.java:20)
</failure>
    <system-err><![CDATA[Aug 13, 2018 4:39:31 AM org.openqa.selenium.remote.DesiredCapabilities chrome
INFO: Using `new ChromeOptions()` is preferred to `DesiredCapabilities.chrome()`
]]></system-err>
  </testcase>
</testsuite>